[INFO ] 2024-04-19 11:11:53.243 [main] Zoho - Url oepned
[INFO ] 2024-04-19 11:20:10.147 [main] Zoho - Url oepned
[INFO ] 2024-04-19 11:20:40.933 [main] Zoho - Sign in Link clicked successfully
[INFO ] 2024-04-19 11:20:49.534 [main] Zoho - Email id entered successfully
[INFO ] 2024-04-19 11:20:49.590 [main] Zoho - Next button clicked successfully
[INFO ] 2024-04-19 11:20:49.776 [main] Zoho - Password entered successfully
[INFO ] 2024-04-19 11:20:49.822 [main] Zoho - Login button clicked successfully
[INFO ] 2024-04-19 11:29:16.022 [main] Zoho - Url oepned
[INFO ] 2024-04-19 11:32:47.100 [main] Zoho - Url oepned
[INFO ] 2024-04-19 11:32:50.391 [main] Zoho - Sign in Link clicked successfully
[INFO ] 2024-04-19 11:32:51.016 [main] Zoho - Email id entered successfully
[INFO ] 2024-04-19 11:32:51.171 [main] Zoho - Next button clicked successfully
[INFO ] 2024-04-19 11:32:51.315 [main] Zoho - Password entered successfully
[INFO ] 2024-04-19 11:32:51.402 [main] Zoho - Login button clicked successfully
[INFO ] 2024-04-19 11:33:00.019 [main] Zoho - verifyLogin - Passed
[INFO ] 2024-04-19 12:04:38.025 [main] Zoho - Url oepned
[INFO ] 2024-04-19 12:04:41.338 [main] Zoho - Sign in Link clicked successfully
[INFO ] 2024-04-19 12:04:41.985 [main] Zoho - Email id entered successfully
[INFO ] 2024-04-19 12:04:42.098 [main] Zoho - Next button clicked successfully
[INFO ] 2024-04-19 12:04:42.244 [main] Zoho - Password entered successfully
[INFO ] 2024-04-19 12:04:42.334 [main] Zoho - Login button clicked successfully
[INFO ] 2024-04-19 12:04:46.695 [main] Zoho - verifyLogin - Passed
